<?xml version="1.0" encoding="UTF-8"?>
<!-- Generated by org.testng.reporters.JUnitReportReporter -->
<testsuite hostname="DESKTOP-8DPVRQ3" failures="0" tests="4" name="com.test.TestNG.NewTest" time="0.012" errors="0" timestamp="2020-09-13T12:36:55 IST" skipped="0">
  <testcase classname="com.test.TestNG.NewTest" name="openPage" time="0.009"/>
  <system-out/>
  <testcase classname="com.test.TestNG.NewTest" name="login" time="0.001"/>
  <system-out/>
  <testcase classname="com.test.TestNG.NewTest" name="addNewUser" time="0.001"/>
  <system-out/>
  <testcase classname="com.test.TestNG.NewTest" name="Logout" time="0.001"/>
  <system-out/>
</testsuite> <!-- com.test.TestNG.NewTest -->
